0 info it worked if it ends with ok
1 verbose cli [ 'C:\\Program Files\\nodejs\\node.exe',
1 verbose cli   'C:\\Program Files\\nodejs\\node_modules\\npm\\bin\\npm-cli.js',
1 verbose cli   'start' ]
2 info using npm@4.1.2
3 info using node@v7.5.0
4 verbose run-script [ 'prestart', 'start', 'poststart' ]
5 info lifecycle angular1.5-seed@1.0.0~prestart: angular1.5-seed@1.0.0
6 verbose lifecycle angular1.5-seed@1.0.0~prestart: unsafe-perm in lifecycle true
7 verbose lifecycle angular1.5-seed@1.0.0~prestart: PATH: C:\Program Files\nodejs\node_modules\npm\bin\node-gyp-bin;C:\Users\Johan\GitHub\Angular1.5-Seed\node_modules\.bin;C:\Users\Johan\AppData\Local\GitHub\PortableGit_f02737a78695063deace08e96d5042710d3e32db\cmd;C:\Users\Johan\AppData\Local\GitHub\PortableGit_f02737a78695063deace08e96d5042710d3e32db\usr\bin;C:\Users\Johan\AppData\Local\GitHub\PortableGit_f02737a78695063deace08e96d5042710d3e32db\usr\share\git-tfs;C:\Users\Johan\AppData\Local\Apps\2.0\46AOB659.HRK\4TVYWCQV.MAV\gith..tion_317444273a93ac29_0003.0003_5794af8169eeff14;C:\Users\Johan\AppData\Local\GitHub\lfs-amd64_1.5.5;C:\WINDOWS\system32;C:\WINDOWS;C:\WINDOWS\System32\Wbem;C:\WINDOWS\System32\WindowsPowerShell\v1.0\;C:\Program Files (x86)\Windows Kits\8.1\Windows Performance Toolkit\;C:\Program Files\Microsoft SQL Server\110\Tools\Binn\;C:\Program Files (x86)\Microsoft SDKs\TypeScript\1.0\;C:\Program Files\Microsoft SQL Server\120\Tools\Binn\;C:\Program Files (x86)\Java\jdk1.7.0_55\bin;C:\Program Files (x86)\Android\android-sdk\tools;C:\Program Files (x86)\Android\android-sdk\platform-tools;C:\apache-ant-1.9.3\bin;C:\Program Files\Microsoft SQL Server\110\DTS\Binn\;C:\Program Files (x86)\Microsoft SQL Server\110\Tools\Binn\;C:\Program Files (x86)\Microsoft SQL Server\110\Tools\Binn\ManagementStudio\;C:\Program Files (x86)\Microsoft Visual Studio 10.0\Common7\IDE\PrivateAssemblies\;C:\Program Files (x86)\Microsoft SQL Server\110\DTS\Binn\;C:\WINDOWS\system32\config\systemprofile\.dnx\bin;C:\Program Files\Microsoft DNX\Dnvm\;C:\Program Files\Microsoft SQL Server\130\Tools\Binn\;C:\Program Files (x86)\Microsoft Emulator Manager\1.0\;C:\Program Files (x86)\Microsoft SQL Server\Client SDK\ODBC\130\Tools\Binn\;C:\Program Files (x86)\Microsoft SQL Server\130\Tools\Binn\;C:\Program Files (x86)\Microsoft SQL Server\130\DTS\Binn\;C:\Program Files (x86)\Microsoft SQL Server\130\Tools\Binn\ManagementStudio\;C:\Program Files\nodejs\;C:\WINDOWS\system32;C:\WINDOWS;C:\WINDOWS\System32\Wbem;C:\WINDOWS\System32\WindowsPowerShell\v1.0\;C:\Program Files (x86)\Windows Kits\8.1\Windows Performance Toolkit\;C:\Program Files\Microsoft SQL Server\110\Tools\Binn\;C:\Program Files (x86)\Microsoft SDKs\TypeScript\1.0\;C:\Program Files\Microsoft SQL Server\120\Tools\Binn\;C:\Program Files (x86)\Java\jdk1.7.0_55\bin;C:\Program Files (x86)\Android\android-sdk\tools;C:\Program Files (x86)\Android\android-sdk\platform-tools;C:\apache-ant-1.9.3\bin;C:\Program Files\Microsoft SQL Server\110\DTS\Binn\;C:\Program Files (x86)\Microsoft SQL Server\110\Tools\Binn\;C:\Program Files (x86)\Microsoft SQL Server\110\Tools\Binn\ManagementStudio\;C:\Program Files (x86)\Microsoft Visual Studio 10.0\Common7\IDE\PrivateAssemblies\;C:\Program Files (x86)\Microsoft SQL Server\110\DTS\Binn\;C:\Users\Johan\.dnx\bin;C:\Program Files\Microsoft DNX\Dnvm\;C:\Program Files\Microsoft SQL Server\130\Tools\Binn\;C:\Program Files (x86)\Microsoft Emulator Manager\1.0\;C:\Users\Johan\AppData\Local\Programs\Git\cmd;C:\Users\Johan\AppData\Roaming\npm;C:\Program Files (x86)\MSBuild\14.0\bin\;C:\Program Files (x86)\Microsoft SDKs\Windows\v8.1A\bin\NETFX 4.5.1 Tools\x64;C:\Program Files (x86)\Microsoft SDKs\F#\3.1\Framework\v4.0\
8 verbose lifecycle angular1.5-seed@1.0.0~prestart: CWD: C:\Users\Johan\GitHub\Angular1.5-Seed
9 silly lifecycle angular1.5-seed@1.0.0~prestart: Args: [ '/d /s /c', 'npm run clean-and-copy' ]
10 silly lifecycle angular1.5-seed@1.0.0~prestart: Returned: code: 0  signal: null
11 info lifecycle angular1.5-seed@1.0.0~start: angular1.5-seed@1.0.0
12 verbose lifecycle angular1.5-seed@1.0.0~start: unsafe-perm in lifecycle true
13 verbose lifecycle angular1.5-seed@1.0.0~start: PATH: C:\Program Files\nodejs\node_modules\npm\bin\node-gyp-bin;C:\Users\Johan\GitHub\Angular1.5-Seed\node_modules\.bin;C:\Users\Johan\AppData\Local\GitHub\PortableGit_f02737a78695063deace08e96d5042710d3e32db\cmd;C:\Users\Johan\AppData\Local\GitHub\PortableGit_f02737a78695063deace08e96d5042710d3e32db\usr\bin;C:\Users\Johan\AppData\Local\GitHub\PortableGit_f02737a78695063deace08e96d5042710d3e32db\usr\share\git-tfs;C:\Users\Johan\AppData\Local\Apps\2.0\46AOB659.HRK\4TVYWCQV.MAV\gith..tion_317444273a93ac29_0003.0003_5794af8169eeff14;C:\Users\Johan\AppData\Local\GitHub\lfs-amd64_1.5.5;C:\WINDOWS\system32;C:\WINDOWS;C:\WINDOWS\System32\Wbem;C:\WINDOWS\System32\WindowsPowerShell\v1.0\;C:\Program Files (x86)\Windows Kits\8.1\Windows Performance Toolkit\;C:\Program Files\Microsoft SQL Server\110\Tools\Binn\;C:\Program Files (x86)\Microsoft SDKs\TypeScript\1.0\;C:\Program Files\Microsoft SQL Server\120\Tools\Binn\;C:\Program Files (x86)\Java\jdk1.7.0_55\bin;C:\Program Files (x86)\Android\android-sdk\tools;C:\Program Files (x86)\Android\android-sdk\platform-tools;C:\apache-ant-1.9.3\bin;C:\Program Files\Microsoft SQL Server\110\DTS\Binn\;C:\Program Files (x86)\Microsoft SQL Server\110\Tools\Binn\;C:\Program Files (x86)\Microsoft SQL Server\110\Tools\Binn\ManagementStudio\;C:\Program Files (x86)\Microsoft Visual Studio 10.0\Common7\IDE\PrivateAssemblies\;C:\Program Files (x86)\Microsoft SQL Server\110\DTS\Binn\;C:\WINDOWS\system32\config\systemprofile\.dnx\bin;C:\Program Files\Microsoft DNX\Dnvm\;C:\Program Files\Microsoft SQL Server\130\Tools\Binn\;C:\Program Files (x86)\Microsoft Emulator Manager\1.0\;C:\Program Files (x86)\Microsoft SQL Server\Client SDK\ODBC\130\Tools\Binn\;C:\Program Files (x86)\Microsoft SQL Server\130\Tools\Binn\;C:\Program Files (x86)\Microsoft SQL Server\130\DTS\Binn\;C:\Program Files (x86)\Microsoft SQL Server\130\Tools\Binn\ManagementStudio\;C:\Program Files\nodejs\;C:\WINDOWS\system32;C:\WINDOWS;C:\WINDOWS\System32\Wbem;C:\WINDOWS\System32\WindowsPowerShell\v1.0\;C:\Program Files (x86)\Windows Kits\8.1\Windows Performance Toolkit\;C:\Program Files\Microsoft SQL Server\110\Tools\Binn\;C:\Program Files (x86)\Microsoft SDKs\TypeScript\1.0\;C:\Program Files\Microsoft SQL Server\120\Tools\Binn\;C:\Program Files (x86)\Java\jdk1.7.0_55\bin;C:\Program Files (x86)\Android\android-sdk\tools;C:\Program Files (x86)\Android\android-sdk\platform-tools;C:\apache-ant-1.9.3\bin;C:\Program Files\Microsoft SQL Server\110\DTS\Binn\;C:\Program Files (x86)\Microsoft SQL Server\110\Tools\Binn\;C:\Program Files (x86)\Microsoft SQL Server\110\Tools\Binn\ManagementStudio\;C:\Program Files (x86)\Microsoft Visual Studio 10.0\Common7\IDE\PrivateAssemblies\;C:\Program Files (x86)\Microsoft SQL Server\110\DTS\Binn\;C:\Users\Johan\.dnx\bin;C:\Program Files\Microsoft DNX\Dnvm\;C:\Program Files\Microsoft SQL Server\130\Tools\Binn\;C:\Program Files (x86)\Microsoft Emulator Manager\1.0\;C:\Users\Johan\AppData\Local\Programs\Git\cmd;C:\Users\Johan\AppData\Roaming\npm;C:\Program Files (x86)\MSBuild\14.0\bin\;C:\Program Files (x86)\Microsoft SDKs\Windows\v8.1A\bin\NETFX 4.5.1 Tools\x64;C:\Program Files (x86)\Microsoft SDKs\F#\3.1\Framework\v4.0\
14 verbose lifecycle angular1.5-seed@1.0.0~start: CWD: C:\Users\Johan\GitHub\Angular1.5-Seed
15 silly lifecycle angular1.5-seed@1.0.0~start: Args: [ '/d /s /c',
15 silly lifecycle   'set NODE_ENV=dev && webpack-dev-server --open --history-api-fallback --content-base dist' ]
16 silly lifecycle angular1.5-seed@1.0.0~start: Returned: code: 1  signal: null
17 info lifecycle angular1.5-seed@1.0.0~start: Failed to exec start script
18 verbose stack Error: angular1.5-seed@1.0.0 start: `set NODE_ENV=dev && webpack-dev-server --open --history-api-fallback --content-base dist`
18 verbose stack Exit status 1
18 verbose stack     at EventEmitter.<anonymous> (C:\Program Files\nodejs\node_modules\npm\lib\utils\lifecycle.js:279:16)
18 verbose stack     at emitTwo (events.js:106:13)
18 verbose stack     at EventEmitter.emit (events.js:192:7)
18 verbose stack     at ChildProcess.<anonymous> (C:\Program Files\nodejs\node_modules\npm\lib\utils\spawn.js:40:14)
18 verbose stack     at emitTwo (events.js:106:13)
18 verbose stack     at ChildProcess.emit (events.js:192:7)
18 verbose stack     at maybeClose (internal/child_process.js:890:16)
18 verbose stack     at Process.ChildProcess._handle.onexit (internal/child_process.js:226:5)
19 verbose pkgid angular1.5-seed@1.0.0
20 verbose cwd C:\Users\Johan\GitHub\Angular1.5-Seed
21 error Windows_NT 6.3.9600
22 error argv "C:\\Program Files\\nodejs\\node.exe" "C:\\Program Files\\nodejs\\node_modules\\npm\\bin\\npm-cli.js" "start"
23 error node v7.5.0
24 error npm  v4.1.2
25 error code ELIFECYCLE
26 error angular1.5-seed@1.0.0 start: `set NODE_ENV=dev && webpack-dev-server --open --history-api-fallback --content-base dist`
26 error Exit status 1
27 error Failed at the angular1.5-seed@1.0.0 start script 'set NODE_ENV=dev && webpack-dev-server --open --history-api-fallback --content-base dist'.
27 error Make sure you have the latest version of node.js and npm installed.
27 error If you do, this is most likely a problem with the angular1.5-seed package,
27 error not with npm itself.
27 error Tell the author that this fails on your system:
27 error     set NODE_ENV=dev && webpack-dev-server --open --history-api-fallback --content-base dist
27 error You can get information on how to open an issue for this project with:
27 error     npm bugs angular1.5-seed
27 error Or if that isn't available, you can get their info via:
27 error     npm owner ls angular1.5-seed
27 error There is likely additional logging output above.
28 verbose exit [ 1, true ]
